<?xml version="1.0" encoding="UTF-8"?>
<testsuite name="TestHelloWorld" tests="2" skipped="0" failures="0" errors="0" timestamp="2019-07-07T05:26:42" hostname="Bhaskars-MacBook-Air.local" time="0.004">
  <properties/>
  <testcase name="testHelloEmpty" classname="TestHelloWorld" time="0.003"/>
  <testcase name="testHelloWorld" classname="TestHelloWorld" time="0.0"/>
  <system-out><![CDATA[]]></system-out>
  <system-err><![CDATA[]]></system-err>
</testsuite>
